Arguments: 
  /home/mrzueck/.nvm/versions/node/v16.14.2/bin/node /home/mrzueck/.nvm/versions/node/v16.14.2/bin/yarn build

PATH: 
  /home/mrzueck/.vscode-server/bin/da15b6fd3ef856477bf6f4fb29ba1b7af717770d/bin/remote-cli:/home/mrzueck/.nvm/versions/node/v16.14.2/bin:/usr/local/bin:/usr/bin:/bin:/usr/games:/home/mrzueck/.pulumi/bin:/snap/bin:/home/mrzueck/.pulumi/bin:/snap/bin

Yarn version: 
  1.22.18

Node version: 
  16.14.2

Platform: 
  linux x64

Trace: 
  SyntaxError: /home/mrzueck/Projects/Personal/teach-juli/di/package.json: Unexpected token } in JSON at position 65
      at JSON.parse (<anonymous>)
      at /home/mrzueck/.nvm/versions/node/v16.14.2/lib/node_modules/yarn/lib/cli.js:1625:59
      at Generator.next (<anonymous>)
      at step (/home/mrzueck/.nvm/versions/node/v16.14.2/lib/node_modules/yarn/lib/cli.js:310:30)
      at /home/mrzueck/.nvm/versions/node/v16.14.2/lib/node_modules/yarn/lib/cli.js:321:13

npm manifest: 
  {
    "scripts": {
      "build": "tsc -p tsconfig.json index.ts",
    },
    "dependencies": {
      "typescript": "^4.6.4"
    }
  }

yarn manifest: 
  No manifest

Lockfile: 
  # THIS IS AN AUTOGENERATED FILE. DO NOT EDIT THIS FILE DIRECTLY.
  # yarn lockfile v1
  
  
  typescript@^4.6.4:
    version "4.6.4"
    resolved "https://registry.yarnpkg.com/typescript/-/typescript-4.6.4.tgz#caa78bbc3a59e6a5c510d35703f6a09877ce45e9"
    integrity sha512-9ia/jWHIEbo49HfjrLGfKbZSuWo9iTMwXO+Ca3pRsSpbsMbc7/IU8NKdCZVRRBafVPGnoJeFL76ZOAA84I9fEg==
